<?xml version="1.0" encoding="UTF-8"?>
<!-- Generated by org.testng.reporters.JUnitReportReporter -->
<testsuite hostname="DESKTOP-A5GLRHJ" failures="0" tests="14" name="TestRunner.Runner" time="658.871" errors="0" timestamp="2026-01-28T00:58:04 IST" skipped="0">
  <testcase classname="TestRunner.Runner" name="runScenario" time="18.476"/>
  <testcase classname="TestRunner.Runner" name="runScenario" time="19.291"/>
  <testcase classname="TestRunner.Runner" name="runScenario" time="28.408"/>
  <testcase classname="TestRunner.Runner" name="runScenario" time="125.319"/>
  <testcase classname="TestRunner.Runner" name="runScenario" time="111.805"/>
  <testcase classname="TestRunner.Runner" name="runScenario" time="24.223"/>
  <testcase classname="TestRunner.Runner" name="runScenario" time="32.857"/>
  <testcase classname="TestRunner.Runner" name="runScenario" time="102.359"/>
  <testcase classname="TestRunner.Runner" name="runScenario" time="21.764"/>
  <testcase classname="TestRunner.Runner" name="runScenario" time="80.630"/>
  <testcase classname="TestRunner.Runner" name="runScenario" time="20.561"/>
  <testcase classname="TestRunner.Runner" name="runScenario" time="25.819"/>
  <testcase classname="TestRunner.Runner" name="runScenario" time="24.317"/>
  <testcase classname="TestRunner.Runner" name="runScenario" time="23.042"/>
</testsuite> <!-- TestRunner.Runner -->
